<?xml version="1.0" encoding="UTF-8"?>
<!-- Generated by org.testng.reporters.JUnitReportReporter -->
<testsuite hostname="DESKTOP-OS617JJ" failures="0" tests="1" name="com.ait.demoqa.tests.bookStore.LoginPageTests" time="20.204" errors="0" timestamp="2023-10-09T20:50:09 MESZ" skipped="0">
  <testcase classname="com.ait.demoqa.tests.bookStore.LoginPageTests" name="loginPozitiveTest" time="20.204"/>
</testsuite> <!-- com.ait.demoqa.tests.bookStore.LoginPageTests -->
